<?xml version="1.0" encoding="UTF-8"?>
<!-- Generated by org.testng.reporters.JUnitReportReporter -->
<testsuite skipped="0" hostname="Dream" name="com.web.hiver.AppTest" tests="1" failures="0" timestamp="19 Aug 2020 07:05:40 GMT" time="0.023" errors="0">
  <testcase name="shouldAnswerWithTrue" time="0.023" classname="com.web.hiver.AppTest"/>
</testsuite> <!-- com.web.hiver.AppTest -->
